{"D:\\PHASE TIGAAAA\\FINAL PROJECT (Import Require Comunity IRC)\\Final-Project-IRC\\server\\service\\app.js": {"path":"D:\\PHASE TIGAAAA\\FINAL PROJECT (Import Require Comunity IRC)\\Final-Project-IRC\\server\\service\\app.js","statementMap":{"0":{"start":{"line":1,"column":16},"end":{"line":1,"column":34}},"1":{"start":{"line":2,"column":13},"end":{"line":2,"column":28}},"2":{"start":{"line":3,"column":22},"end":{"line":3,"column":59}},"3":{"start":{"line":4,"column":12},"end":{"line":4,"column":21}},"4":{"start":{"line":5,"column":15},"end":{"line":5,"column":35}},"5":{"start":{"line":7,"column":0},"end":{"line":7,"column":16}},"6":{"start":{"line":8,"column":0},"end":{"line":8,"column":49}},"7":{"start":{"line":9,"column":0},"end":{"line":9,"column":24}},"8":{"start":{"line":11,"column":0},"end":{"line":11,"column":16}},"9":{"start":{"line":12,"column":0},"end":{"line":14,"column":3}},"10":{"start":{"line":13,"column":2},"end":{"line":13,"column":32}},"11":{"start":{"line":16,"column":0},"end":{"line":16,"column":23}},"12":{"start":{"line":18,"column":0},"end":{"line":18,"column":21}}},"fnMap":{"0":{"name":"(anonymous_0)","decl":{"start":{"line":12,"column":13},"end":{"line":12,"column":14}},"loc":{"start":{"line":12,"column":27},"end":{"line":14,"column":1}},"line":12}},"branchMap":{},"s":{"0":1,"1":1,"2":1,"3":1,"4":1,"5":1,"6":1,"7":1,"8":1,"9":1,"10":0,"11":1,"12":1},"f":{"0":0},"b":{},"_coverageSchema":"1a1c01bbd47fc00a2c39e90264f33305004495a9","hash":"5af13740f50b899c1800db936b214e1e03c7da14"}
,"D:\\PHASE TIGAAAA\\FINAL PROJECT (Import Require Comunity IRC)\\Final-Project-IRC\\server\\service\\controllers\\crowdfundingController.js": {"path":"D:\\PHASE TIGAAAA\\FINAL PROJECT (Import Require Comunity IRC)\\Final-Project-IRC\\server\\service\\controllers\\crowdfundingController.js","statementMap":{"0":{"start":{"line":1,"column":15},"end":{"line":1,"column":35}},"1":{"start":{"line":8,"column":4},"end":{"line":8,"column":24}},"2":{"start":{"line":9,"column":20},"end":{"line":9,"column":53}},"3":{"start":{"line":10,"column":16},"end":{"line":10,"column":36}},"4":{"start":{"line":14,"column":4},"end":{"line":75,"column":5}},"5":{"start":{"line":15,"column":19},"end":{"line":42,"column":8}},"6":{"start":{"line":44,"column":6},"end":{"line":71,"column":9}},"7":{"start":{"line":45,"column":8},"end":{"line":67,"column":9}},"8":{"start":{"line":46,"column":26},"end":{"line":46,"column":56}},"9":{"start":{"line":47,"column":25},"end":{"line":64,"column":12}},"10":{"start":{"line":48,"column":12},"end":{"line":63,"column":13}},"11":{"start":{"line":53,"column":31},"end":{"line":53,"column":75}},"12":{"start":{"line":54,"column":30},"end":{"line":54,"column":68}},"13":{"start":{"line":55,"column":14},"end":{"line":62,"column":15}},"14":{"start":{"line":56,"column":16},"end":{"line":61,"column":18}},"15":{"start":{"line":66,"column":10},"end":{"line":66,"column":21}},"16":{"start":{"line":72,"column":6},"end":{"line":72,"column":33}},"17":{"start":{"line":74,"column":6},"end":{"line":74,"column":18}},"18":{"start":{"line":79,"column":4},"end":{"line":127,"column":5}},"19":{"start":{"line":80,"column":17},"end":{"line":80,"column":20}},"20":{"start":{"line":81,"column":20},"end":{"line":81,"column":22}},"21":{"start":{"line":82,"column":17},"end":{"line":82,"column":19}},"22":{"start":{"line":84,"column":36},"end":{"line":94,"column":7}},"23":{"start":{"line":96,"column":26},"end":{"line":100,"column":8}},"24":{"start":{"line":102,"column":6},"end":{"line":119,"column":7}},"25":{"start":{"line":103,"column":40},"end":{"line":103,"column":48}},"26":{"start":{"line":104,"column":31},"end":{"line":104,"column":56}},"27":{"start":{"line":105,"column":8},"end":{"line":115,"column":9}},"28":{"start":{"line":106,"column":10},"end":{"line":106,"column":21}},"29":{"start":{"line":107,"column":10},"end":{"line":107,"column":44}},"30":{"start":{"line":109,"column":34},"end":{"line":111,"column":11}},"31":{"start":{"line":112,"column":10},"end":{"line":112,"column":21}},"32":{"start":{"line":113,"column":10},"end":{"line":113,"column":43}},"33":{"start":{"line":114,"column":10},"end":{"line":114,"column":33}},"34":{"start":{"line":117,"column":8},"end":{"line":117,"column":19}},"35":{"start":{"line":118,"column":8},"end":{"line":118,"column":42}},"36":{"start":{"line":121,"column":6},"end":{"line":124,"column":9}},"37":{"start":{"line":126,"column":6},"end":{"line":126,"column":16}},"38":{"start":{"line":131,"column":14},"end":{"line":131,"column":43}},"39":{"start":{"line":132,"column":4},"end":{"line":195,"column":5}},"40":{"start":{"line":133,"column":21},"end":{"line":133,"column":31}},"41":{"start":{"line":134,"column":59},"end":{"line":134,"column":67}},"42":{"start":{"line":135,"column":50},"end":{"line":137,"column":7}},"43":{"start":{"line":138,"column":21},"end":{"line":138,"column":53}},"44":{"start":{"line":139,"column":6},"end":{"line":141,"column":7}},"45":{"start":{"line":140,"column":8},"end":{"line":140,"column":39}},"46":{"start":{"line":142,"column":24},"end":{"line":151,"column":7}},"47":{"start":{"line":153,"column":23},"end":{"line":163,"column":7}},"48":{"start":{"line":169,"column":10},"end":{"line":169,"column":41}},"49":{"start":{"line":170,"column":6},"end":{"line":182,"column":7}},"50":{"start":{"line":171,"column":8},"end":{"line":181,"column":10}},"51":{"start":{"line":183,"column":6},"end":{"line":183,"column":23}},"52":{"start":{"line":189,"column":6},"end":{"line":191,"column":9}},"53":{"start":{"line":193,"column":6},"end":{"line":193,"column":16}},"54":{"start":{"line":194,"column":6},"end":{"line":194,"column":19}},"55":{"start":{"line":200,"column":4},"end":{"line":205,"column":5}},"56":{"start":{"line":201,"column":19},"end":{"line":201,"column":56}},"57":{"start":{"line":202,"column":6},"end":{"line":202,"column":33}},"58":{"start":{"line":204,"column":6},"end":{"line":204,"column":18}},"59":{"start":{"line":209,"column":0},"end":{"line":209,"column":40}}},"fnMap":{"0":{"name":"(anonymous_0)","decl":{"start":{"line":13,"column":2},"end":{"line":13,"column":3}},"loc":{"start":{"line":13,"column":50},"end":{"line":76,"column":3}},"line":13},"1":{"name":"(anonymous_1)","decl":{"start":{"line":44,"column":38},"end":{"line":44,"column":39}},"loc":{"start":{"line":44,"column":50},"end":{"line":68,"column":7}},"line":44},"2":{"name":"(anonymous_2)","decl":{"start":{"line":47,"column":37},"end":{"line":47,"column":38}},"loc":{"start":{"line":47,"column":47},"end":{"line":64,"column":11}},"line":47},"3":{"name":"(anonymous_3)","decl":{"start":{"line":78,"column":2},"end":{"line":78,"column":3}},"loc":{"start":{"line":78,"column":38},"end":{"line":128,"column":3}},"line":78},"4":{"name":"(anonymous_4)","decl":{"start":{"line":130,"column":2},"end":{"line":130,"column":3}},"loc":{"start":{"line":130,"column":48},"end":{"line":196,"column":3}},"line":130},"5":{"name":"(anonymous_5)","decl":{"start":{"line":199,"column":2},"end":{"line":199,"column":3}},"loc":{"start":{"line":199,"column":57},"end":{"line":206,"column":3}},"line":199}},"branchMap":{"0":{"loc":{"start":{"line":48,"column":12},"end":{"line":63,"column":13}},"type":"if","locations":[{"start":{"line":48,"column":12},"end":{"line":63,"column":13}},{"start":{},"end":{}}],"line":48},"1":{"loc":{"start":{"line":49,"column":14},"end":{"line":51,"column":37}},"type":"binary-expr","locations":[{"start":{"line":49,"column":14},"end":{"line":49,"column":33}},{"start":{"line":50,"column":14},"end":{"line":50,"column":36}},{"start":{"line":51,"column":14},"end":{"line":51,"column":37}}],"line":49},"2":{"loc":{"start":{"line":55,"column":14},"end":{"line":62,"column":15}},"type":"if","locations":[{"start":{"line":55,"column":14},"end":{"line":62,"column":15}},{"start":{},"end":{}}],"line":55},"3":{"loc":{"start":{"line":102,"column":6},"end":{"line":119,"column":7}},"type":"if","locations":[{"start":{"line":102,"column":6},"end":{"line":119,"column":7}},{"start":{"line":116,"column":13},"end":{"line":119,"column":7}}],"line":102},"4":{"loc":{"start":{"line":105,"column":8},"end":{"line":115,"column":9}},"type":"if","locations":[{"start":{"line":105,"column":8},"end":{"line":115,"column":9}},{"start":{"line":108,"column":15},"end":{"line":115,"column":9}}],"line":105},"5":{"loc":{"start":{"line":139,"column":6},"end":{"line":141,"column":7}},"type":"if","locations":[{"start":{"line":139,"column":6},"end":{"line":141,"column":7}},{"start":{},"end":{}}],"line":139},"6":{"loc":{"start":{"line":170,"column":6},"end":{"line":182,"column":7}},"type":"if","locations":[{"start":{"line":170,"column":6},"end":{"line":182,"column":7}},{"start":{},"end":{}}],"line":170}},"s":{"0":1,"1":1,"2":1,"3":1,"4":0,"5":0,"6":0,"7":0,"8":0,"9":0,"10":0,"11":0,"12":0,"13":0,"14":0,"15":0,"16":0,"17":0,"18":0,"19":0,"20":0,"21":0,"22":0,"23":0,"24":0,"25":0,"26":0,"27":0,"28":0,"29":0,"30":0,"31":0,"32":0,"33":0,"34":0,"35":0,"36":0,"37":0,"38":0,"39":0,"40":0,"41":0,"42":0,"43":0,"44":0,"45":0,"46":0,"47":0,"48":0,"49":0,"50":0,"51":0,"52":0,"53":0,"54":0,"55":0,"56":0,"57":0,"58":0,"59":1},"f":{"0":0,"1":0,"2":0,"3":0,"4":0,"5":0},"b":{"0":[0,0],"1":[0,0,0],"2":[0,0],"3":[0,0],"4":[0,0],"5":[0,0],"6":[0,0]},"_coverageSchema":"1a1c01bbd47fc00a2c39e90264f33305004495a9","hash":"8fdc660918b36f59be01275d0709edd798b4cdca"}
,"D:\\PHASE TIGAAAA\\FINAL PROJECT (Import Require Comunity IRC)\\Final-Project-IRC\\server\\service\\controllers\\paymentController.js": {"path":"D:\\PHASE TIGAAAA\\FINAL PROJECT (Import Require Comunity IRC)\\Final-Project-IRC\\server\\service\\controllers\\paymentController.js","statementMap":{"0":{"start":{"line":1,"column":26},"end":{"line":1,"column":46}},"1":{"start":{"line":2,"column":23},"end":{"line":2,"column":49}},"2":{"start":{"line":4,"column":11},"end":{"line":8,"column":2}},"3":{"start":{"line":11,"column":4},"end":{"line":40,"column":5}},"4":{"start":{"line":13,"column":28},"end":{"line":13,"column":36}},"5":{"start":{"line":14,"column":30},"end":{"line":14,"column":73}},"6":{"start":{"line":16,"column":22},"end":{"line":21,"column":7}},"7":{"start":{"line":23,"column":26},"end":{"line":23,"column":65}},"8":{"start":{"line":24,"column":6},"end":{"line":26,"column":7}},"9":{"start":{"line":25,"column":8},"end":{"line":25,"column":45}},"10":{"start":{"line":28,"column":29},"end":{"line":28,"column":46}},"11":{"start":{"line":29,"column":6},"end":{"line":29,"column":57}},"12":{"start":{"line":31,"column":35},"end":{"line":31,"column":59}},"13":{"start":{"line":32,"column":6},"end":{"line":32,"column":69}},"14":{"start":{"line":34,"column":6},"end":{"line":37,"column":9}},"15":{"start":{"line":39,"column":6},"end":{"line":39,"column":18}},"16":{"start":{"line":44,"column":4},"end":{"line":75,"column":5}},"17":{"start":{"line":46,"column":28},"end":{"line":46,"column":36}},"18":{"start":{"line":47,"column":6},"end":{"line":47,"column":51}},"19":{"start":{"line":50,"column":27},"end":{"line":54,"column":8}},"20":{"start":{"line":55,"column":6},"end":{"line":71,"column":7}},"21":{"start":{"line":56,"column":8},"end":{"line":59,"column":11}},"22":{"start":{"line":61,"column":8},"end":{"line":70,"column":10}},"23":{"start":{"line":73,"column":6},"end":{"line":73,"column":25}},"24":{"start":{"line":74,"column":6},"end":{"line":74,"column":18}},"25":{"start":{"line":79,"column":0},"end":{"line":79,"column":35}}},"fnMap":{"0":{"name":"(anonymous_0)","decl":{"start":{"line":10,"column":2},"end":{"line":10,"column":3}},"loc":{"start":{"line":10,"column":43},"end":{"line":41,"column":3}},"line":10},"1":{"name":"(anonymous_1)","decl":{"start":{"line":43,"column":2},"end":{"line":43,"column":3}},"loc":{"start":{"line":43,"column":42},"end":{"line":76,"column":3}},"line":43}},"branchMap":{"0":{"loc":{"start":{"line":24,"column":6},"end":{"line":26,"column":7}},"type":"if","locations":[{"start":{"line":24,"column":6},"end":{"line":26,"column":7}},{"start":{},"end":{}}],"line":24},"1":{"loc":{"start":{"line":55,"column":6},"end":{"line":71,"column":7}},"type":"if","locations":[{"start":{"line":55,"column":6},"end":{"line":71,"column":7}},{"start":{"line":60,"column":13},"end":{"line":71,"column":7}}],"line":55}},"s":{"0":1,"1":1,"2":1,"3":0,"4":0,"5":0,"6":0,"7":0,"8":0,"9":0,"10":0,"11":0,"12":0,"13":0,"14":0,"15":0,"16":0,"17":0,"18":0,"19":0,"20":0,"21":0,"22":0,"23":0,"24":0,"25":1},"f":{"0":0,"1":0},"b":{"0":[0,0],"1":[0,0]},"_coverageSchema":"1a1c01bbd47fc00a2c39e90264f33305004495a9","hash":"a49fecddba7ef106d3c77c5818ae59d989ab6fbd"}
,"D:\\PHASE TIGAAAA\\FINAL PROJECT (Import Require Comunity IRC)\\Final-Project-IRC\\server\\service\\controllers\\userController.js": {"path":"D:\\PHASE TIGAAAA\\FINAL PROJECT (Import Require Comunity IRC)\\Final-Project-IRC\\server\\service\\controllers\\userController.js","statementMap":{"0":{"start":{"line":1,"column":34},"end":{"line":1,"column":65}},"1":{"start":{"line":2,"column":24},"end":{"line":2,"column":44}},"2":{"start":{"line":3,"column":28},"end":{"line":3,"column":62}},"3":{"start":{"line":7,"column":4},"end":{"line":17,"column":5}},"4":{"start":{"line":8,"column":20},"end":{"line":12,"column":8}},"5":{"start":{"line":13,"column":6},"end":{"line":13,"column":34}},"6":{"start":{"line":15,"column":6},"end":{"line":15,"column":25}},"7":{"start":{"line":16,"column":6},"end":{"line":16,"column":18}},"8":{"start":{"line":21,"column":4},"end":{"line":51,"column":5}},"9":{"start":{"line":23,"column":8},"end":{"line":23,"column":16}},"10":{"start":{"line":24,"column":23},"end":{"line":28,"column":8}},"11":{"start":{"line":29,"column":6},"end":{"line":31,"column":7}},"12":{"start":{"line":30,"column":8},"end":{"line":30,"column":46}},"13":{"start":{"line":32,"column":19},"end":{"line":39,"column":8}},"14":{"start":{"line":40,"column":6},"end":{"line":48,"column":9}},"15":{"start":{"line":50,"column":6},"end":{"line":50,"column":18}},"16":{"start":{"line":55,"column":4},"end":{"line":82,"column":5}},"17":{"start":{"line":56,"column":34},"end":{"line":56,"column":42}},"18":{"start":{"line":57,"column":19},"end":{"line":61,"column":8}},"19":{"start":{"line":62,"column":6},"end":{"line":64,"column":7}},"20":{"start":{"line":63,"column":8},"end":{"line":63,"column":41}},"21":{"start":{"line":65,"column":6},"end":{"line":67,"column":7}},"22":{"start":{"line":66,"column":8},"end":{"line":66,"column":45}},"23":{"start":{"line":68,"column":22},"end":{"line":75,"column":7}},"24":{"start":{"line":76,"column":25},"end":{"line":76,"column":55}},"25":{"start":{"line":77,"column":6},"end":{"line":79,"column":9}},"26":{"start":{"line":81,"column":6},"end":{"line":81,"column":18}},"27":{"start":{"line":86,"column":4},"end":{"line":113,"column":5}},"28":{"start":{"line":87,"column":34},"end":{"line":87,"column":42}},"29":{"start":{"line":88,"column":6},"end":{"line":88,"column":35}},"30":{"start":{"line":89,"column":20},"end":{"line":93,"column":8}},"31":{"start":{"line":94,"column":6},"end":{"line":96,"column":7}},"32":{"start":{"line":95,"column":8},"end":{"line":95,"column":42}},"33":{"start":{"line":97,"column":6},"end":{"line":99,"column":7}},"34":{"start":{"line":98,"column":8},"end":{"line":98,"column":45}},"35":{"start":{"line":100,"column":22},"end":{"line":106,"column":7}},"36":{"start":{"line":107,"column":25},"end":{"line":107,"column":55}},"37":{"start":{"line":108,"column":6},"end":{"line":110,"column":9}},"38":{"start":{"line":112,"column":6},"end":{"line":112,"column":18}},"39":{"start":{"line":117,"column":4},"end":{"line":144,"column":5}},"40":{"start":{"line":118,"column":66},"end":{"line":118,"column":74}},"41":{"start":{"line":119,"column":24},"end":{"line":123,"column":8}},"42":{"start":{"line":124,"column":6},"end":{"line":126,"column":7}},"43":{"start":{"line":125,"column":8},"end":{"line":125,"column":46}},"44":{"start":{"line":127,"column":20},"end":{"line":133,"column":8}},"45":{"start":{"line":134,"column":6},"end":{"line":141,"column":9}},"46":{"start":{"line":143,"column":6},"end":{"line":143,"column":18}},"47":{"start":{"line":148,"column":4},"end":{"line":165,"column":5}},"48":{"start":{"line":149,"column":38},"end":{"line":149,"column":49}},"49":{"start":{"line":150,"column":19},"end":{"line":158,"column":8}},"50":{"start":{"line":159,"column":6},"end":{"line":161,"column":7}},"51":{"start":{"line":160,"column":8},"end":{"line":160,"column":40}},"52":{"start":{"line":162,"column":6},"end":{"line":162,"column":32}},"53":{"start":{"line":164,"column":6},"end":{"line":164,"column":18}},"54":{"start":{"line":169,"column":0},"end":{"line":169,"column":32}}},"fnMap":{"0":{"name":"(anonymous_0)","decl":{"start":{"line":6,"column":2},"end":{"line":6,"column":3}},"loc":{"start":{"line":6,"column":38},"end":{"line":18,"column":3}},"line":6},"1":{"name":"(anonymous_1)","decl":{"start":{"line":20,"column":2},"end":{"line":20,"column":3}},"loc":{"start":{"line":20,"column":40},"end":{"line":52,"column":3}},"line":20},"2":{"name":"(anonymous_2)","decl":{"start":{"line":54,"column":2},"end":{"line":54,"column":3}},"loc":{"start":{"line":54,"column":37},"end":{"line":83,"column":3}},"line":54},"3":{"name":"(anonymous_3)","decl":{"start":{"line":85,"column":2},"end":{"line":85,"column":3}},"loc":{"start":{"line":85,"column":42},"end":{"line":114,"column":3}},"line":85},"4":{"name":"(anonymous_4)","decl":{"start":{"line":116,"column":2},"end":{"line":116,"column":3}},"loc":{"start":{"line":116,"column":45},"end":{"line":145,"column":3}},"line":116},"5":{"name":"(anonymous_5)","decl":{"start":{"line":147,"column":2},"end":{"line":147,"column":3}},"loc":{"start":{"line":147,"column":43},"end":{"line":166,"column":3}},"line":147}},"branchMap":{"0":{"loc":{"start":{"line":29,"column":6},"end":{"line":31,"column":7}},"type":"if","locations":[{"start":{"line":29,"column":6},"end":{"line":31,"column":7}},{"start":{},"end":{}}],"line":29},"1":{"loc":{"start":{"line":62,"column":6},"end":{"line":64,"column":7}},"type":"if","locations":[{"start":{"line":62,"column":6},"end":{"line":64,"column":7}},{"start":{},"end":{}}],"line":62},"2":{"loc":{"start":{"line":65,"column":6},"end":{"line":67,"column":7}},"type":"if","locations":[{"start":{"line":65,"column":6},"end":{"line":67,"column":7}},{"start":{},"end":{}}],"line":65},"3":{"loc":{"start":{"line":94,"column":6},"end":{"line":96,"column":7}},"type":"if","locations":[{"start":{"line":94,"column":6},"end":{"line":96,"column":7}},{"start":{},"end":{}}],"line":94},"4":{"loc":{"start":{"line":97,"column":6},"end":{"line":99,"column":7}},"type":"if","locations":[{"start":{"line":97,"column":6},"end":{"line":99,"column":7}},{"start":{},"end":{}}],"line":97},"5":{"loc":{"start":{"line":124,"column":6},"end":{"line":126,"column":7}},"type":"if","locations":[{"start":{"line":124,"column":6},"end":{"line":126,"column":7}},{"start":{},"end":{}}],"line":124},"6":{"loc":{"start":{"line":159,"column":6},"end":{"line":161,"column":7}},"type":"if","locations":[{"start":{"line":159,"column":6},"end":{"line":161,"column":7}},{"start":{},"end":{}}],"line":159}},"s":{"0":1,"1":1,"2":1,"3":0,"4":0,"5":0,"6":0,"7":0,"8":1,"9":1,"10":1,"11":1,"12":0,"13":1,"14":1,"15":0,"16":0,"17":0,"18":0,"19":0,"20":0,"21":0,"22":0,"23":0,"24":0,"25":0,"26":0,"27":0,"28":0,"29":0,"30":0,"31":0,"32":0,"33":0,"34":0,"35":0,"36":0,"37":0,"38":0,"39":0,"40":0,"41":0,"42":0,"43":0,"44":0,"45":0,"46":0,"47":0,"48":0,"49":0,"50":0,"51":0,"52":0,"53":0,"54":1},"f":{"0":0,"1":1,"2":0,"3":0,"4":0,"5":0},"b":{"0":[0,1],"1":[0,0],"2":[0,0],"3":[0,0],"4":[0,0],"5":[0,0],"6":[0,0]},"_coverageSchema":"1a1c01bbd47fc00a2c39e90264f33305004495a9","hash":"c757136be9fa9e7ce226ee9f11613dd49a669627"}
,"D:\\PHASE TIGAAAA\\FINAL PROJECT (Import Require Comunity IRC)\\Final-Project-IRC\\server\\service\\helpers\\expiredDate.js": {"path":"D:\\PHASE TIGAAAA\\FINAL PROJECT (Import Require Comunity IRC)\\Final-Project-IRC\\server\\service\\helpers\\expiredDate.js","statementMap":{"0":{"start":{"line":2,"column":19},"end":{"line":2,"column":26}},"1":{"start":{"line":3,"column":15},"end":{"line":3,"column":29}},"2":{"start":{"line":4,"column":4},"end":{"line":8,"column":5}},"3":{"start":{"line":5,"column":21},"end":{"line":5,"column":45}},"4":{"start":{"line":6,"column":8},"end":{"line":6,"column":50}},"5":{"start":{"line":7,"column":8},"end":{"line":7,"column":20}},"6":{"start":{"line":9,"column":20},"end":{"line":9,"column":68}},"7":{"start":{"line":10,"column":4},"end":{"line":10,"column":18}},"8":{"start":{"line":13,"column":0},"end":{"line":13,"column":28}}},"fnMap":{"0":{"name":"expiredDate","decl":{"start":{"line":1,"column":9},"end":{"line":1,"column":20}},"loc":{"start":{"line":1,"column":36},"end":{"line":11,"column":1}},"line":1},"1":{"name":"(anonymous_1)","decl":{"start":{"line":4,"column":29},"end":{"line":4,"column":30}},"loc":{"start":{"line":4,"column":51},"end":{"line":8,"column":5}},"line":4}},"branchMap":{},"s":{"0":0,"1":0,"2":0,"3":0,"4":0,"5":0,"6":0,"7":0,"8":1},"f":{"0":0,"1":0},"b":{},"_coverageSchema":"1a1c01bbd47fc00a2c39e90264f33305004495a9","hash":"053bc97ff560f3fb4122269cbc2c77ee99c21d29"}
,"D:\\PHASE TIGAAAA\\FINAL PROJECT (Import Require Comunity IRC)\\Final-Project-IRC\\server\\service\\helpers\\helperBcrypt.js": {"path":"D:\\PHASE TIGAAAA\\FINAL PROJECT (Import Require Comunity IRC)\\Final-Project-IRC\\server\\service\\helpers\\helperBcrypt.js","statementMap":{"0":{"start":{"line":1,"column":15},"end":{"line":1,"column":34}},"1":{"start":{"line":4,"column":2},"end":{"line":4,"column":39}},"2":{"start":{"line":8,"column":2},"end":{"line":8,"column":69}},"3":{"start":{"line":11,"column":0},"end":{"line":11,"column":56}}},"fnMap":{"0":{"name":"passwordEncryptor","decl":{"start":{"line":3,"column":9},"end":{"line":3,"column":26}},"loc":{"start":{"line":3,"column":37},"end":{"line":5,"column":1}},"line":3},"1":{"name":"comparePassowrd","decl":{"start":{"line":7,"column":9},"end":{"line":7,"column":24}},"loc":{"start":{"line":7,"column":66},"end":{"line":9,"column":1}},"line":7}},"branchMap":{},"s":{"0":1,"1":1,"2":0,"3":1},"f":{"0":1,"1":0},"b":{},"_coverageSchema":"1a1c01bbd47fc00a2c39e90264f33305004495a9","hash":"6f06b6aff857a58253525b85f99584549e2ad6f5"}
,"D:\\PHASE TIGAAAA\\FINAL PROJECT (Import Require Comunity IRC)\\Final-Project-IRC\\server\\service\\helpers\\helperJwt.js": {"path":"D:\\PHASE TIGAAAA\\FINAL PROJECT (Import Require Comunity IRC)\\Final-Project-IRC\\server\\service\\helpers\\helperJwt.js","statementMap":{"0":{"start":{"line":1,"column":12},"end":{"line":1,"column":35}},"1":{"start":{"line":3,"column":19},"end":{"line":3,"column":27}},"2":{"start":{"line":5,"column":2},"end":{"line":8,"column":5}},"3":{"start":{"line":12,"column":2},"end":{"line":12,"column":39}},"4":{"start":{"line":15,"column":0},"end":{"line":15,"column":67}}},"fnMap":{"0":{"name":"tokenMakerFromPayload","decl":{"start":{"line":4,"column":9},"end":{"line":4,"column":30}},"loc":{"start":{"line":4,"column":40},"end":{"line":9,"column":1}},"line":4},"1":{"name":"payloadReaderFromToken","decl":{"start":{"line":11,"column":9},"end":{"line":11,"column":31}},"loc":{"start":{"line":11,"column":39},"end":{"line":13,"column":1}},"line":11}},"branchMap":{},"s":{"0":1,"1":1,"2":0,"3":0,"4":1},"f":{"0":0,"1":0},"b":{},"_coverageSchema":"1a1c01bbd47fc00a2c39e90264f33305004495a9","hash":"d77acdaa1f44b152db4f9f28f613348f035cfd12"}
,"D:\\PHASE TIGAAAA\\FINAL PROJECT (Import Require Comunity IRC)\\Final-Project-IRC\\server\\service\\middlewares\\Authentication.js": {"path":"D:\\PHASE TIGAAAA\\FINAL PROJECT (Import Require Comunity IRC)\\Final-Project-IRC\\server\\service\\middlewares\\Authentication.js","statementMap":{"0":{"start":{"line":1,"column":35},"end":{"line":1,"column":66}},"1":{"start":{"line":2,"column":17},"end":{"line":2,"column":37}},"2":{"start":{"line":4,"column":23},"end":{"line":24,"column":1}},"3":{"start":{"line":5,"column":2},"end":{"line":23,"column":3}},"4":{"start":{"line":7,"column":29},"end":{"line":7,"column":40}},"5":{"start":{"line":8,"column":20},"end":{"line":8,"column":56}},"6":{"start":{"line":10,"column":24},"end":{"line":10,"column":55}},"7":{"start":{"line":11,"column":4},"end":{"line":19,"column":5}},"8":{"start":{"line":12,"column":6},"end":{"line":12,"column":37}},"9":{"start":{"line":14,"column":6},"end":{"line":18,"column":8}},"10":{"start":{"line":20,"column":4},"end":{"line":20,"column":11}},"11":{"start":{"line":22,"column":4},"end":{"line":22,"column":16}},"12":{"start":{"line":26,"column":0},"end":{"line":26,"column":32}}},"fnMap":{"0":{"name":"(anonymous_0)","decl":{"start":{"line":4,"column":23},"end":{"line":4,"column":24}},"loc":{"start":{"line":4,"column":49},"end":{"line":24,"column":1}},"line":4}},"branchMap":{"0":{"loc":{"start":{"line":11,"column":4},"end":{"line":19,"column":5}},"type":"if","locations":[{"start":{"line":11,"column":4},"end":{"line":19,"column":5}},{"start":{"line":13,"column":11},"end":{"line":19,"column":5}}],"line":11}},"s":{"0":1,"1":1,"2":1,"3":0,"4":0,"5":0,"6":0,"7":0,"8":0,"9":0,"10":0,"11":0,"12":1},"f":{"0":0},"b":{"0":[0,0]},"_coverageSchema":"1a1c01bbd47fc00a2c39e90264f33305004495a9","hash":"8fb5ede55b31b58ddb2058de3d2a7689435f6178"}
,"D:\\PHASE TIGAAAA\\FINAL PROJECT (Import Require Comunity IRC)\\Final-Project-IRC\\server\\service\\middlewares\\errorHandler.js": {"path":"D:\\PHASE TIGAAAA\\FINAL PROJECT (Import Require Comunity IRC)\\Final-Project-IRC\\server\\service\\middlewares\\errorHandler.js","statementMap":{"0":{"start":{"line":1,"column":22},"end":{"line":37,"column":1}},"1":{"start":{"line":3,"column":2},"end":{"line":32,"column":3}},"2":{"start":{"line":5,"column":6},"end":{"line":5,"column":17}},"3":{"start":{"line":6,"column":6},"end":{"line":6,"column":45}},"4":{"start":{"line":6,"column":34},"end":{"line":6,"column":43}},"5":{"start":{"line":7,"column":6},"end":{"line":7,"column":12}},"6":{"start":{"line":9,"column":6},"end":{"line":9,"column":17}},"7":{"start":{"line":10,"column":6},"end":{"line":10,"column":40}},"8":{"start":{"line":11,"column":6},"end":{"line":11,"column":12}},"9":{"start":{"line":13,"column":6},"end":{"line":13,"column":17}},"10":{"start":{"line":14,"column":6},"end":{"line":14,"column":27}},"11":{"start":{"line":15,"column":6},"end":{"line":15,"column":12}},"12":{"start":{"line":17,"column":6},"end":{"line":17,"column":17}},"13":{"start":{"line":18,"column":6},"end":{"line":18,"column":53}},"14":{"start":{"line":19,"column":6},"end":{"line":19,"column":12}},"15":{"start":{"line":21,"column":6},"end":{"line":21,"column":17}},"16":{"start":{"line":22,"column":6},"end":{"line":22,"column":42}},"17":{"start":{"line":23,"column":6},"end":{"line":23,"column":12}},"18":{"start":{"line":25,"column":6},"end":{"line":25,"column":17}},"19":{"start":{"line":26,"column":6},"end":{"line":26,"column":42}},"20":{"start":{"line":27,"column":6},"end":{"line":27,"column":12}},"21":{"start":{"line":29,"column":6},"end":{"line":29,"column":17}},"22":{"start":{"line":30,"column":6},"end":{"line":30,"column":36}},"23":{"start":{"line":31,"column":6},"end":{"line":31,"column":12}},"24":{"start":{"line":34,"column":2},"end":{"line":36,"column":5}},"25":{"start":{"line":39,"column":0},"end":{"line":39,"column":31}}},"fnMap":{"0":{"name":"(anonymous_0)","decl":{"start":{"line":1,"column":22},"end":{"line":1,"column":23}},"loc":{"start":{"line":1,"column":47},"end":{"line":37,"column":1}},"line":1},"1":{"name":"(anonymous_1)","decl":{"start":{"line":6,"column":27},"end":{"line":6,"column":28}},"loc":{"start":{"line":6,"column":34},"end":{"line":6,"column":43}},"line":6}},"branchMap":{"0":{"loc":{"start":{"line":3,"column":2},"end":{"line":32,"column":3}},"type":"switch","locations":[{"start":{"line":4,"column":4},"end":{"line":7,"column":12}},{"start":{"line":8,"column":4},"end":{"line":11,"column":12}},{"start":{"line":12,"column":4},"end":{"line":15,"column":12}},{"start":{"line":16,"column":4},"end":{"line":19,"column":12}},{"start":{"line":20,"column":4},"end":{"line":23,"column":12}},{"start":{"line":24,"column":4},"end":{"line":27,"column":12}},{"start":{"line":28,"column":4},"end":{"line":31,"column":12}}],"line":3}},"s":{"0":1,"1":0,"2":0,"3":0,"4":0,"5":0,"6":0,"7":0,"8":0,"9":0,"10":0,"11":0,"12":0,"13":0,"14":0,"15":0,"16":0,"17":0,"18":0,"19":0,"20":0,"21":0,"22":0,"23":0,"24":0,"25":1},"f":{"0":0,"1":0},"b":{"0":[0,0,0,0,0,0,0]},"_coverageSchema":"1a1c01bbd47fc00a2c39e90264f33305004495a9","hash":"a7f1ba316210be7b2b16a33650a13200404a176f"}
,"D:\\PHASE TIGAAAA\\FINAL PROJECT (Import Require Comunity IRC)\\Final-Project-IRC\\server\\service\\models\\admin.js": {"path":"D:\\PHASE TIGAAAA\\FINAL PROJECT (Import Require Comunity IRC)\\Final-Project-IRC\\server\\service\\models\\admin.js","statementMap":{"0":{"start":{"line":2,"column":18},"end":{"line":2,"column":38}},"1":{"start":{"line":3,"column":30},"end":{"line":3,"column":64}},"2":{"start":{"line":4,"column":0},"end":{"line":27,"column":2}},"3":{"start":{"line":10,"column":2},"end":{"line":22,"column":4}},"4":{"start":{"line":23,"column":2},"end":{"line":25,"column":5}},"5":{"start":{"line":24,"column":4},"end":{"line":24,"column":61}},"6":{"start":{"line":26,"column":2},"end":{"line":26,"column":15}}},"fnMap":{"0":{"name":"(anonymous_0)","decl":{"start":{"line":4,"column":17},"end":{"line":4,"column":18}},"loc":{"start":{"line":4,"column":43},"end":{"line":27,"column":1}},"line":4},"1":{"name":"(anonymous_1)","decl":{"start":{"line":6,"column":4},"end":{"line":6,"column":5}},"loc":{"start":{"line":6,"column":29},"end":{"line":8,"column":5}},"line":6},"2":{"name":"(anonymous_2)","decl":{"start":{"line":23,"column":21},"end":{"line":23,"column":22}},"loc":{"start":{"line":23,"column":43},"end":{"line":25,"column":3}},"line":23}},"branchMap":{},"s":{"0":1,"1":1,"2":1,"3":1,"4":1,"5":0,"6":1},"f":{"0":1,"1":1,"2":0},"b":{},"_coverageSchema":"1a1c01bbd47fc00a2c39e90264f33305004495a9","hash":"b3b5bb41e2cf54dee5a0fa66f983cb296ea159c6"}
,"D:\\PHASE TIGAAAA\\FINAL PROJECT (Import Require Comunity IRC)\\Final-Project-IRC\\server\\service\\models\\balance.js": {"path":"D:\\PHASE TIGAAAA\\FINAL PROJECT (Import Require Comunity IRC)\\Final-Project-IRC\\server\\service\\models\\balance.js","statementMap":{"0":{"start":{"line":2,"column":18},"end":{"line":2,"column":38}},"1":{"start":{"line":3,"column":0},"end":{"line":20,"column":2}},"2":{"start":{"line":6,"column":6},"end":{"line":6,"column":37}},"3":{"start":{"line":9,"column":2},"end":{"line":18,"column":4}},"4":{"start":{"line":19,"column":2},"end":{"line":19,"column":17}}},"fnMap":{"0":{"name":"(anonymous_0)","decl":{"start":{"line":3,"column":17},"end":{"line":3,"column":18}},"loc":{"start":{"line":3,"column":43},"end":{"line":20,"column":1}},"line":3},"1":{"name":"(anonymous_1)","decl":{"start":{"line":5,"column":4},"end":{"line":5,"column":5}},"loc":{"start":{"line":5,"column":29},"end":{"line":7,"column":5}},"line":5}},"branchMap":{},"s":{"0":1,"1":1,"2":1,"3":1,"4":1},"f":{"0":1,"1":1},"b":{},"_coverageSchema":"1a1c01bbd47fc00a2c39e90264f33305004495a9","hash":"abd4e51823d34e91ad62d16d31dbe575251afa7b"}
,"D:\\PHASE TIGAAAA\\FINAL PROJECT (Import Require Comunity IRC)\\Final-Project-IRC\\server\\service\\models\\crowdfunding.js": {"path":"D:\\PHASE TIGAAAA\\FINAL PROJECT (Import Require Comunity IRC)\\Final-Project-IRC\\server\\service\\models\\crowdfunding.js","statementMap":{"0":{"start":{"line":2,"column":18},"end":{"line":2,"column":38}},"1":{"start":{"line":3,"column":0},"end":{"line":33,"column":2}},"2":{"start":{"line":6,"column":6},"end":{"line":6,"column":42}},"3":{"start":{"line":7,"column":6},"end":{"line":7,"column":55}},"4":{"start":{"line":10,"column":2},"end":{"line":31,"column":4}},"5":{"start":{"line":32,"column":2},"end":{"line":32,"column":22}}},"fnMap":{"0":{"name":"(anonymous_0)","decl":{"start":{"line":3,"column":17},"end":{"line":3,"column":18}},"loc":{"start":{"line":3,"column":43},"end":{"line":33,"column":1}},"line":3},"1":{"name":"(anonymous_1)","decl":{"start":{"line":5,"column":4},"end":{"line":5,"column":5}},"loc":{"start":{"line":5,"column":29},"end":{"line":8,"column":5}},"line":5}},"branchMap":{},"s":{"0":1,"1":1,"2":1,"3":1,"4":1,"5":1},"f":{"0":1,"1":1},"b":{},"_coverageSchema":"1a1c01bbd47fc00a2c39e90264f33305004495a9","hash":"58a06c4d36ebd20e67a1e41a33d3599900145cd9"}
,"D:\\PHASE TIGAAAA\\FINAL PROJECT (Import Require Comunity IRC)\\Final-Project-IRC\\server\\service\\models\\crowdfundingproduct.js": {"path":"D:\\PHASE TIGAAAA\\FINAL PROJECT (Import Require Comunity IRC)\\Final-Project-IRC\\server\\service\\models\\crowdfundingproduct.js","statementMap":{"0":{"start":{"line":2,"column":18},"end":{"line":2,"column":38}},"1":{"start":{"line":3,"column":0},"end":{"line":24,"column":2}},"2":{"start":{"line":6,"column":6},"end":{"line":6,"column":57}},"3":{"start":{"line":7,"column":6},"end":{"line":7,"column":49}},"4":{"start":{"line":10,"column":2},"end":{"line":22,"column":4}},"5":{"start":{"line":23,"column":2},"end":{"line":23,"column":29}}},"fnMap":{"0":{"name":"(anonymous_0)","decl":{"start":{"line":3,"column":17},"end":{"line":3,"column":18}},"loc":{"start":{"line":3,"column":43},"end":{"line":24,"column":1}},"line":3},"1":{"name":"(anonymous_1)","decl":{"start":{"line":5,"column":4},"end":{"line":5,"column":5}},"loc":{"start":{"line":5,"column":29},"end":{"line":8,"column":5}},"line":5}},"branchMap":{},"s":{"0":1,"1":1,"2":1,"3":1,"4":1,"5":1},"f":{"0":1,"1":1},"b":{},"_coverageSchema":"1a1c01bbd47fc00a2c39e90264f33305004495a9","hash":"e84e030438f50c32d6848575c826f7014265ba99"}
,"D:\\PHASE TIGAAAA\\FINAL PROJECT (Import Require Comunity IRC)\\Final-Project-IRC\\server\\service\\models\\index.js": {"path":"D:\\PHASE TIGAAAA\\FINAL PROJECT (Import Require Comunity IRC)\\Final-Project-IRC\\server\\service\\models\\index.js","statementMap":{"0":{"start":{"line":3,"column":11},"end":{"line":3,"column":24}},"1":{"start":{"line":4,"column":13},"end":{"line":4,"column":28}},"2":{"start":{"line":5,"column":18},"end":{"line":5,"column":38}},"3":{"start":{"line":6,"column":17},"end":{"line":6,"column":42}},"4":{"start":{"line":7,"column":12},"end":{"line":7,"column":49}},"5":{"start":{"line":8,"column":15},"end":{"line":8,"column":65}},"6":{"start":{"line":9,"column":11},"end":{"line":9,"column":13}},"7":{"start":{"line":12,"column":0},"end":{"line":16,"column":1}},"8":{"start":{"line":13,"column":2},"end":{"line":13,"column":74}},"9":{"start":{"line":15,"column":2},"end":{"line":15,"column":87}},"10":{"start":{"line":18,"column":0},"end":{"line":26,"column":5}},"11":{"start":{"line":21,"column":4},"end":{"line":21,"column":90}},"12":{"start":{"line":24,"column":18},"end":{"line":24,"column":85}},"13":{"start":{"line":25,"column":4},"end":{"line":25,"column":27}},"14":{"start":{"line":28,"column":0},"end":{"line":32,"column":3}},"15":{"start":{"line":29,"column":2},"end":{"line":31,"column":3}},"16":{"start":{"line":30,"column":4},"end":{"line":30,"column":32}},"17":{"start":{"line":34,"column":0},"end":{"line":34,"column":25}},"18":{"start":{"line":35,"column":0},"end":{"line":35,"column":25}},"19":{"start":{"line":37,"column":0},"end":{"line":37,"column":20}}},"fnMap":{"0":{"name":"(anonymous_0)","decl":{"start":{"line":20,"column":10},"end":{"line":20,"column":11}},"loc":{"start":{"line":20,"column":18},"end":{"line":22,"column":3}},"line":20},"1":{"name":"(anonymous_1)","decl":{"start":{"line":23,"column":11},"end":{"line":23,"column":12}},"loc":{"start":{"line":23,"column":19},"end":{"line":26,"column":3}},"line":23},"2":{"name":"(anonymous_2)","decl":{"start":{"line":28,"column":24},"end":{"line":28,"column":25}},"loc":{"start":{"line":28,"column":37},"end":{"line":32,"column":1}},"line":28}},"branchMap":{"0":{"loc":{"start":{"line":7,"column":12},"end":{"line":7,"column":49}},"type":"binary-expr","locations":[{"start":{"line":7,"column":12},"end":{"line":7,"column":32}},{"start":{"line":7,"column":36},"end":{"line":7,"column":49}}],"line":7},"1":{"loc":{"start":{"line":12,"column":0},"end":{"line":16,"column":1}},"type":"if","locations":[{"start":{"line":12,"column":0},"end":{"line":16,"column":1}},{"start":{"line":14,"column":7},"end":{"line":16,"column":1}}],"line":12},"2":{"loc":{"start":{"line":21,"column":11},"end":{"line":21,"column":89}},"type":"binary-expr","locations":[{"start":{"line":21,"column":12},"end":{"line":21,"column":35}},{"start":{"line":21,"column":41},"end":{"line":21,"column":58}},{"start":{"line":21,"column":64},"end":{"line":21,"column":88}}],"line":21},"3":{"loc":{"start":{"line":29,"column":2},"end":{"line":31,"column":3}},"type":"if","locations":[{"start":{"line":29,"column":2},"end":{"line":31,"column":3}},{"start":{},"end":{}}],"line":29}},"s":{"0":1,"1":1,"2":1,"3":1,"4":1,"5":1,"6":1,"7":1,"8":0,"9":1,"10":1,"11":6,"12":5,"13":5,"14":1,"15":5,"16":5,"17":1,"18":1,"19":1},"f":{"0":6,"1":5,"2":5},"b":{"0":[1,0],"1":[0,1],"2":[6,6,5],"3":[5,0]},"_coverageSchema":"1a1c01bbd47fc00a2c39e90264f33305004495a9","hash":"441aacbf73d2942a9ecbcb3014a3cf680a9d24ae"}
,"D:\\PHASE TIGAAAA\\FINAL PROJECT (Import Require Comunity IRC)\\Final-Project-IRC\\server\\service\\models\\user.js": {"path":"D:\\PHASE TIGAAAA\\FINAL PROJECT (Import Require Comunity IRC)\\Final-Project-IRC\\server\\service\\models\\user.js","statementMap":{"0":{"start":{"line":2,"column":18},"end":{"line":2,"column":38}},"1":{"start":{"line":3,"column":30},"end":{"line":3,"column":64}},"2":{"start":{"line":4,"column":0},"end":{"line":49,"column":2}},"3":{"start":{"line":7,"column":6},"end":{"line":7,"column":34}},"4":{"start":{"line":8,"column":6},"end":{"line":8,"column":40}},"5":{"start":{"line":9,"column":6},"end":{"line":9,"column":47}},"6":{"start":{"line":12,"column":2},"end":{"line":44,"column":4}},"7":{"start":{"line":45,"column":2},"end":{"line":47,"column":5}},"8":{"start":{"line":46,"column":4},"end":{"line":46,"column":61}},"9":{"start":{"line":48,"column":2},"end":{"line":48,"column":14}}},"fnMap":{"0":{"name":"(anonymous_0)","decl":{"start":{"line":4,"column":17},"end":{"line":4,"column":18}},"loc":{"start":{"line":4,"column":43},"end":{"line":49,"column":1}},"line":4},"1":{"name":"(anonymous_1)","decl":{"start":{"line":6,"column":4},"end":{"line":6,"column":5}},"loc":{"start":{"line":6,"column":29},"end":{"line":10,"column":5}},"line":6},"2":{"name":"(anonymous_2)","decl":{"start":{"line":45,"column":20},"end":{"line":45,"column":21}},"loc":{"start":{"line":45,"column":42},"end":{"line":47,"column":3}},"line":45}},"branchMap":{},"s":{"0":1,"1":1,"2":1,"3":1,"4":1,"5":1,"6":1,"7":1,"8":1,"9":1},"f":{"0":1,"1":1,"2":1},"b":{},"_coverageSchema":"1a1c01bbd47fc00a2c39e90264f33305004495a9","hash":"249751ea383c8e56fb25ffee1ec4d0cf79c5e95e"}
,"D:\\PHASE TIGAAAA\\FINAL PROJECT (Import Require Comunity IRC)\\Final-Project-IRC\\server\\service\\routers\\crowdfundingRoutes.js": {"path":"D:\\PHASE TIGAAAA\\FINAL PROJECT (Import Require Comunity IRC)\\Final-Project-IRC\\server\\service\\routers\\crowdfundingRoutes.js","statementMap":{"0":{"start":{"line":1,"column":27},"end":{"line":1,"column":54}},"1":{"start":{"line":2,"column":19},"end":{"line":2,"column":67}},"2":{"start":{"line":5,"column":0},"end":{"line":5,"column":59}},"3":{"start":{"line":6,"column":0},"end":{"line":6,"column":85}},"4":{"start":{"line":7,"column":0},"end":{"line":7,"column":66}},"5":{"start":{"line":10,"column":0},"end":{"line":10,"column":36}}},"fnMap":{},"branchMap":{},"s":{"0":1,"1":1,"2":1,"3":1,"4":1,"5":1},"f":{},"b":{},"_coverageSchema":"1a1c01bbd47fc00a2c39e90264f33305004495a9","hash":"47da3f74800ed83b02b4ac341bceb86e4f8befa5"}
,"D:\\PHASE TIGAAAA\\FINAL PROJECT (Import Require Comunity IRC)\\Final-Project-IRC\\server\\service\\routers\\index.js": {"path":"D:\\PHASE TIGAAAA\\FINAL PROJECT (Import Require Comunity IRC)\\Final-Project-IRC\\server\\service\\routers\\index.js","statementMap":{"0":{"start":{"line":1,"column":14},"end":{"line":1,"column":32}},"1":{"start":{"line":2,"column":13},"end":{"line":2,"column":29}},"2":{"start":{"line":3,"column":14},"end":{"line":3,"column":37}},"3":{"start":{"line":4,"column":16},"end":{"line":4,"column":42}},"4":{"start":{"line":5,"column":18},"end":{"line":5,"column":49}},"5":{"start":{"line":8,"column":0},"end":{"line":8,"column":27}},"6":{"start":{"line":9,"column":0},"end":{"line":9,"column":32}},"7":{"start":{"line":10,"column":0},"end":{"line":10,"column":36}},"8":{"start":{"line":12,"column":0},"end":{"line":12,"column":24}}},"fnMap":{},"branchMap":{},"s":{"0":1,"1":1,"2":1,"3":1,"4":1,"5":1,"6":1,"7":1,"8":1},"f":{},"b":{},"_coverageSchema":"1a1c01bbd47fc00a2c39e90264f33305004495a9","hash":"c040329bdae422d70f52c854f11de10b60736783"}
,"D:\\PHASE TIGAAAA\\FINAL PROJECT (Import Require Comunity IRC)\\Final-Project-IRC\\server\\service\\routers\\paymentRoutes.js": {"path":"D:\\PHASE TIGAAAA\\FINAL PROJECT (Import Require Comunity IRC)\\Final-Project-IRC\\server\\service\\routers\\paymentRoutes.js","statementMap":{"0":{"start":{"line":1,"column":14},"end":{"line":1,"column":32}},"1":{"start":{"line":2,"column":13},"end":{"line":2,"column":29}},"2":{"start":{"line":4,"column":23},"end":{"line":4,"column":63}},"3":{"start":{"line":5,"column":19},"end":{"line":5,"column":62}},"4":{"start":{"line":8,"column":0},"end":{"line":8,"column":41}},"5":{"start":{"line":9,"column":0},"end":{"line":9,"column":47}},"6":{"start":{"line":10,"column":0},"end":{"line":10,"column":24}}},"fnMap":{},"branchMap":{},"s":{"0":1,"1":1,"2":1,"3":1,"4":1,"5":1,"6":1},"f":{},"b":{},"_coverageSchema":"1a1c01bbd47fc00a2c39e90264f33305004495a9","hash":"bd642b9d12bbf81b3e3b3ba490f63dfc0a971391"}
,"D:\\PHASE TIGAAAA\\FINAL PROJECT (Import Require Comunity IRC)\\Final-Project-IRC\\server\\service\\routers\\userRoutes.js": {"path":"D:\\PHASE TIGAAAA\\FINAL PROJECT (Import Require Comunity IRC)\\Final-Project-IRC\\server\\service\\routers\\userRoutes.js","statementMap":{"0":{"start":{"line":1,"column":14},"end":{"line":1,"column":32}},"1":{"start":{"line":2,"column":13},"end":{"line":2,"column":29}},"2":{"start":{"line":3,"column":19},"end":{"line":3,"column":59}},"3":{"start":{"line":4,"column":23},"end":{"line":4,"column":63}},"4":{"start":{"line":6,"column":0},"end":{"line":6,"column":35}},"5":{"start":{"line":7,"column":0},"end":{"line":7,"column":46}},"6":{"start":{"line":8,"column":0},"end":{"line":8,"column":40}},"7":{"start":{"line":9,"column":0},"end":{"line":9,"column":57}},"8":{"start":{"line":10,"column":0},"end":{"line":10,"column":51}},"9":{"start":{"line":11,"column":0},"end":{"line":11,"column":66}},"10":{"start":{"line":13,"column":0},"end":{"line":13,"column":24}}},"fnMap":{},"branchMap":{},"s":{"0":1,"1":1,"2":1,"3":1,"4":1,"5":1,"6":1,"7":1,"8":1,"9":1,"10":1},"f":{},"b":{},"_coverageSchema":"1a1c01bbd47fc00a2c39e90264f33305004495a9","hash":"dc3beb5d5d8233824ef4e362f6477d8d171f54cf"}
}
