TN:
SF:app.js
FN:12,(anonymous_0)
FNF:1
FNH:0
FNDA:0,(anonymous_0)
DA:1,1
DA:2,1
DA:3,1
DA:4,1
DA:5,1
DA:7,1
DA:8,1
DA:9,1
DA:11,1
DA:12,1
DA:13,0
DA:16,1
DA:18,1
LF:13
LH:12
BRF:0
BRH:0
end_of_record
TN:
SF:controllers\crowdfundingController.js
FN:13,(anonymous_0)
FN:44,(anonymous_1)
FN:47,(anonymous_2)
FN:78,(anonymous_3)
FN:130,(anonymous_4)
FN:199,(anonymous_5)
FNF:6
FNH:0
FNDA:0,(anonymous_0)
FNDA:0,(anonymous_1)
FNDA:0,(anonymous_2)
FNDA:0,(anonymous_3)
FNDA:0,(anonymous_4)
FNDA:0,(anonymous_5)
DA:1,1
DA:8,1
DA:9,1
DA:10,1
DA:14,0
DA:15,0
DA:44,0
DA:45,0
DA:46,0
DA:47,0
DA:48,0
DA:53,0
DA:54,0
DA:55,0
DA:56,0
DA:66,0
DA:72,0
DA:74,0
DA:79,0
DA:80,0
DA:81,0
DA:82,0
DA:84,0
DA:96,0
DA:102,0
DA:103,0
DA:104,0
DA:105,0
DA:106,0
DA:107,0
DA:109,0
DA:112,0
DA:113,0
DA:114,0
DA:117,0
DA:118,0
DA:121,0
DA:126,0
DA:131,0
DA:132,0
DA:133,0
DA:134,0
DA:135,0
DA:138,0
DA:139,0
DA:140,0
DA:142,0
DA:153,0
DA:169,0
DA:170,0
DA:171,0
DA:183,0
DA:189,0
DA:193,0
DA:194,0
DA:200,0
DA:201,0
DA:202,0
DA:204,0
DA:209,1
LF:60
LH:5
BRDA:48,0,0,0
BRDA:48,0,1,0
BRDA:49,1,0,0
BRDA:49,1,1,0
BRDA:49,1,2,0
BRDA:55,2,0,0
BRDA:55,2,1,0
BRDA:102,3,0,0
BRDA:102,3,1,0
BRDA:105,4,0,0
BRDA:105,4,1,0
BRDA:139,5,0,0
BRDA:139,5,1,0
BRDA:170,6,0,0
BRDA:170,6,1,0
BRF:15
BRH:0
end_of_record
TN:
SF:controllers\paymentController.js
FN:10,(anonymous_0)
FN:43,(anonymous_1)
FNF:2
FNH:0
FNDA:0,(anonymous_0)
FNDA:0,(anonymous_1)
DA:1,1
DA:2,1
DA:4,1
DA:11,0
DA:13,0
DA:14,0
DA:16,0
DA:23,0
DA:24,0
DA:25,0
DA:28,0
DA:29,0
DA:31,0
DA:32,0
DA:34,0
DA:39,0
DA:44,0
DA:46,0
DA:47,0
DA:50,0
DA:55,0
DA:56,0
DA:61,0
DA:73,0
DA:74,0
DA:79,1
LF:26
LH:4
BRDA:24,0,0,0
BRDA:24,0,1,0
BRDA:55,1,0,0
BRDA:55,1,1,0
BRF:4
BRH:0
end_of_record
TN:
SF:controllers\userController.js
FN:6,(anonymous_0)
FN:20,(anonymous_1)
FN:54,(anonymous_2)
FN:85,(anonymous_3)
FN:116,(anonymous_4)
FN:147,(anonymous_5)
FNF:6
FNH:1
FNDA:0,(anonymous_0)
FNDA:1,(anonymous_1)
FNDA:0,(anonymous_2)
FNDA:0,(anonymous_3)
FNDA:0,(anonymous_4)
FNDA:0,(anonymous_5)
DA:1,1
DA:2,1
DA:3,1
DA:7,0
DA:8,0
DA:13,0
DA:15,0
DA:16,0
DA:21,1
DA:23,1
DA:24,1
DA:29,1
DA:30,0
DA:32,1
DA:40,1
DA:50,0
DA:55,0
DA:56,0
DA:57,0
DA:62,0
DA:63,0
DA:65,0
DA:66,0
DA:68,0
DA:76,0
DA:77,0
DA:81,0
DA:86,0
DA:87,0
DA:88,0
DA:89,0
DA:94,0
DA:95,0
DA:97,0
DA:98,0
DA:100,0
DA:107,0
DA:108,0
DA:112,0
DA:117,0
DA:118,0
DA:119,0
DA:124,0
DA:125,0
DA:127,0
DA:134,0
DA:143,0
DA:148,0
DA:149,0
DA:150,0
DA:159,0
DA:160,0
DA:162,0
DA:164,0
DA:169,1
LF:55
LH:10
BRDA:29,0,0,0
BRDA:29,0,1,1
BRDA:62,1,0,0
BRDA:62,1,1,0
BRDA:65,2,0,0
BRDA:65,2,1,0
BRDA:94,3,0,0
BRDA:94,3,1,0
BRDA:97,4,0,0
BRDA:97,4,1,0
BRDA:124,5,0,0
BRDA:124,5,1,0
BRDA:159,6,0,0
BRDA:159,6,1,0
BRF:14
BRH:1
end_of_record
TN:
SF:helpers\expiredDate.js
FN:1,expiredDate
FN:4,(anonymous_1)
FNF:2
FNH:0
FNDA:0,expiredDate
FNDA:0,(anonymous_1)
DA:2,0
DA:3,0
DA:4,0
DA:5,0
DA:6,0
DA:7,0
DA:9,0
DA:10,0
DA:13,1
LF:9
LH:1
BRF:0
BRH:0
end_of_record
TN:
SF:helpers\helperBcrypt.js
FN:3,passwordEncryptor
FN:7,comparePassowrd
FNF:2
FNH:1
FNDA:1,passwordEncryptor
FNDA:0,comparePassowrd
DA:1,1
DA:4,1
DA:8,0
DA:11,1
LF:4
LH:3
BRF:0
BRH:0
end_of_record
TN:
SF:helpers\helperJwt.js
FN:4,tokenMakerFromPayload
FN:11,payloadReaderFromToken
FNF:2
FNH:0
FNDA:0,tokenMakerFromPayload
FNDA:0,payloadReaderFromToken
DA:1,1
DA:3,1
DA:5,0
DA:12,0
DA:15,1
LF:5
LH:3
BRF:0
BRH:0
end_of_record
TN:
SF:middlewares\Authentication.js
FN:4,(anonymous_0)
FNF:1
FNH:0
FNDA:0,(anonymous_0)
DA:1,1
DA:2,1
DA:4,1
DA:5,0
DA:7,0
DA:8,0
DA:10,0
DA:11,0
DA:12,0
DA:14,0
DA:20,0
DA:22,0
DA:26,1
LF:13
LH:4
BRDA:11,0,0,0
BRDA:11,0,1,0
BRF:2
BRH:0
end_of_record
TN:
SF:middlewares\errorHandler.js
FN:1,(anonymous_0)
FN:6,(anonymous_1)
FNF:2
FNH:0
FNDA:0,(anonymous_0)
FNDA:0,(anonymous_1)
DA:1,1
DA:3,0
DA:5,0
DA:6,0
DA:7,0
DA:9,0
DA:10,0
DA:11,0
DA:13,0
DA:14,0
DA:15,0
DA:17,0
DA:18,0
DA:19,0
DA:21,0
DA:22,0
DA:23,0
DA:25,0
DA:26,0
DA:27,0
DA:29,0
DA:30,0
DA:31,0
DA:34,0
DA:39,1
LF:25
LH:2
BRDA:3,0,0,0
BRDA:3,0,1,0
BRDA:3,0,2,0
BRDA:3,0,3,0
BRDA:3,0,4,0
BRDA:3,0,5,0
BRDA:3,0,6,0
BRF:7
BRH:0
end_of_record
TN:
SF:models\admin.js
FN:4,(anonymous_0)
FN:6,(anonymous_1)
FN:23,(anonymous_2)
FNF:3
FNH:2
FNDA:1,(anonymous_0)
FNDA:1,(anonymous_1)
FNDA:0,(anonymous_2)
DA:2,1
DA:3,1
DA:4,1
DA:10,1
DA:23,1
DA:24,0
DA:26,1
LF:7
LH:6
BRF:0
BRH:0
end_of_record
TN:
SF:models\balance.js
FN:3,(anonymous_0)
FN:5,(anonymous_1)
FNF:2
FNH:2
FNDA:1,(anonymous_0)
FNDA:1,(anonymous_1)
DA:2,1
DA:3,1
DA:6,1
DA:9,1
DA:19,1
LF:5
LH:5
BRF:0
BRH:0
end_of_record
TN:
SF:models\crowdfunding.js
FN:3,(anonymous_0)
FN:5,(anonymous_1)
FNF:2
FNH:2
FNDA:1,(anonymous_0)
FNDA:1,(anonymous_1)
DA:2,1
DA:3,1
DA:6,1
DA:7,1
DA:10,1
DA:32,1
LF:6
LH:6
BRF:0
BRH:0
end_of_record
TN:
SF:models\crowdfundingproduct.js
FN:3,(anonymous_0)
FN:5,(anonymous_1)
FNF:2
FNH:2
FNDA:1,(anonymous_0)
FNDA:1,(anonymous_1)
DA:2,1
DA:3,1
DA:6,1
DA:7,1
DA:10,1
DA:23,1
LF:6
LH:6
BRF:0
BRH:0
end_of_record
TN:
SF:models\index.js
FN:20,(anonymous_0)
FN:23,(anonymous_1)
FN:28,(anonymous_2)
FNF:3
FNH:3
FNDA:6,(anonymous_0)
FNDA:5,(anonymous_1)
FNDA:5,(anonymous_2)
DA:3,1
DA:4,1
DA:5,1
DA:6,1
DA:7,1
DA:8,1
DA:9,1
DA:12,1
DA:13,0
DA:15,1
DA:18,1
DA:21,6
DA:24,5
DA:25,5
DA:28,1
DA:29,5
DA:30,5
DA:34,1
DA:35,1
DA:37,1
LF:20
LH:19
BRDA:7,0,0,1
BRDA:7,0,1,0
BRDA:12,1,0,0
BRDA:12,1,1,1
BRDA:21,2,0,6
BRDA:21,2,1,6
BRDA:21,2,2,5
BRDA:29,3,0,5
BRDA:29,3,1,0
BRF:9
BRH:6
end_of_record
TN:
SF:models\user.js
FN:4,(anonymous_0)
FN:6,(anonymous_1)
FN:45,(anonymous_2)
FNF:3
FNH:3
FNDA:1,(anonymous_0)
FNDA:1,(anonymous_1)
FNDA:1,(anonymous_2)
DA:2,1
DA:3,1
DA:4,1
DA:7,1
DA:8,1
DA:9,1
DA:12,1
DA:45,1
DA:46,1
DA:48,1
LF:10
LH:10
BRF:0
BRH:0
end_of_record
TN:
SF:routers\crowdfundingRoutes.js
FNF:0
FNH:0
DA:1,1
DA:2,1
DA:5,1
DA:6,1
DA:7,1
DA:10,1
LF:6
LH:6
BRF:0
BRH:0
end_of_record
TN:
SF:routers\index.js
FNF:0
FNH:0
DA:1,1
DA:2,1
DA:3,1
DA:4,1
DA:5,1
DA:8,1
DA:9,1
DA:10,1
DA:12,1
LF:9
LH:9
BRF:0
BRH:0
end_of_record
TN:
SF:routers\paymentRoutes.js
FNF:0
FNH:0
DA:1,1
DA:2,1
DA:4,1
DA:5,1
DA:8,1
DA:9,1
DA:10,1
LF:7
LH:7
BRF:0
BRH:0
end_of_record
TN:
SF:routers\userRoutes.js
FNF:0
FNH:0
DA:1,1
DA:2,1
DA:3,1
DA:4,1
DA:6,1
DA:7,1
DA:8,1
DA:9,1
DA:10,1
DA:11,1
DA:13,1
LF:11
LH:11
BRF:0
BRH:0
end_of_record
